# JRE version: OpenJDK Runtime Environment Temurin-21.0.10+7 (21.0.10+7) (build 21.0.10+7-LTS)
# Java VM: OpenJDK 64-Bit Server VM Temurin-21.0.10+7 (21.0.10+7-LTS, mixed mode, sharing, tiered, compressed oops, compressed class ptrs, parallel gc, windows-amd64)
GC Precious Log:
 CardTable entry size: 512
 CPUs: 8 total, 8 available
 Memory: 7930M
 Large Page Support: Disabled
 NUMA Support: Disabled
 Compressed Oops: Enabled (32-bit)
 Alignments: Space 512K, Generation 512K, Heap 2M
 Heap Min Capacity: 100M
 Heap Initial Capacity: 100M
 Heap Max Capacity: 2G
 Pre-touch: Disabled
 Parallel Workers: 8
Heap:
 PSYoungGen      total 5120K, used 4896K [0x00000000d5580000, 0x00000000d5c00000, 0x0000000100000000)
  eden space 4608K, 100% used [0x00000000d5580000,0x00000000d5a00000,0x00000000d5a00000)
  from space 512K, 56% used [0x00000000d5a00000,0x00000000d5a48000,0x00000000d5a80000)
  to   space 1024K, 0% used [0x00000000d5b00000,0x00000000d5b00000,0x00000000d5c00000)
 ParOldGen       total 859648K, used 859295K [0x0000000080000000, 0x00000000b4780000, 0x00000000d5580000)
  object space 859648K, 99% used [0x0000000080000000,0x00000000b4727de8,0x00000000b4780000)
 Metaspace       used 85107K, committed 86848K, reserved 1179648K
  class space    used 8678K, committed 9472K, reserved 1048576K
GC Heap History (20 events):
Event: 1006.104 GC heap before
{Heap before GC invocations=1284 (full 4):
 PSYoungGen      total 5632K, used 5504K [0x00000000d5580000, 0x00000000d5c80000, 0x0000000100000000)
  eden space 5120K, 100% used [0x00000000d5580000,0x00000000d5a80000,0x00000000d5a80000)
  from space 512K, 75% used [0x00000000d5b80000,0x00000000d5be0000,0x00000000d5c00000)
  to   space 512K, 0% used [0x00000000d5c00000,0x00000000d5c00000,0x00000000d5c80000)
 ParOldGen       total 854528K, used 854022K [0x0000000080000000, 0x00000000b4280000, 0x00000000d5580000)
  object space 854528K, 99% used [0x0000000080000000,0x00000000b4201968,0x00000000b4280000)
 Metaspace       used 85096K, committed 86848K, reserved 1179648K
  class space    used 8676K, committed 9472K, reserved 1048576K
}
Event: 1006.106 GC heap after
{Heap after GC invocations=1284 (full 4):
 PSYoungGen      total 5632K, used 512K [0x00000000d5580000, 0x00000000d5d80000, 0x0000000100000000)
  eden space 5120K, 0% used [0x00000000d5580000,0x00000000d5580000,0x00000000d5a80000)
  from space 512K, 100% used [0x00000000d5c00000,0x00000000d5c80000,0x00000000d5c80000)
  to   space 1536K, 0% used [0x00000000d5a80000,0x00000000d5a80000,0x00000000d5c00000)
 ParOldGen       total 855040K, used 854854K [0x0000000080000000, 0x00000000b4300000, 0x00000000d5580000)
  object space 855040K, 99% used [0x0000000080000000,0x00000000b42d1880,0x00000000b4300000)
 Metaspace       used 85096K, committed 86848K, reserved 1179648K
  class space    used 8676K, committed 9472K, reserved 1048576K
}
Event: 1006.218 GC heap before
{Heap before GC invocations=1285 (full 4):
 PSYoungGen      total 5632K, used 5632K [0x00000000d5580000, 0x00000000d5d80000, 0x0000000100000000)
  eden space 5120K, 100% used [0x00000000d5580000,0x00000000d5a80000,0x00000000d5a80000)
  from space 512K, 100% used [0x00000000d5c00000,0x00000000d5c80000,0x00000000d5c80000)
  to   space 1536K, 0% used [0x00000000d5a80000,0x00000000d5a80000,0x00000000d5c00000)
 ParOldGen       total 855040K, used 854854K [0x0000000080000000, 0x00000000b4300000, 0x00000000d5580000)
  object space 855040K, 99% used [0x0000000080000000,0x00000000b42d1880,0x00000000b4300000)
 Metaspace       used 85105K, committed 86848K, reserved 1179648K
  class space    used 8678K, committed 9472K, reserved 1048576K
}
Event: 1006.220 GC heap after
{Heap after GC invocations=1285 (full 4):
 PSYoungGen      total 5632K, used 256K [0x00000000d5580000, 0x00000000d5c80000, 0x0000000100000000)
  eden space 5120K, 0% used [0x00000000d5580000,0x00000000d5580000,0x00000000d5a80000)
  from space 512K, 50% used [0x00000000d5a80000,0x00000000d5ac0000,0x00000000d5b00000)
  to   space 1024K, 0% used [0x00000000d5b80000,0x00000000d5b80000,0x00000000d5c80000)
 ParOldGen       total 855552K, used 855394K [0x0000000080000000, 0x00000000b4380000, 0x00000000d5580000)
  object space 855552K, 99% used [0x0000000080000000,0x00000000b4358b10,0x00000000b4380000)
 Metaspace       used 85105K, committed 86848K, reserved 1179648K
  class space    used 8678K, committed 9472K, reserved 1048576K
}
Event: 1006.283 GC heap before
{Heap before GC invocations=1286 (full 4):
 PSYoungGen      total 5632K, used 5376K [0x00000000d5580000, 0x00000000d5c80000, 0x0000000100000000)
  eden space 5120K, 100% used [0x00000000d5580000,0x00000000d5a80000,0x00000000d5a80000)
  from space 512K, 50% used [0x00000000d5a80000,0x00000000d5ac0000,0x00000000d5b00000)
  to   space 1024K, 0% used [0x00000000d5b80000,0x00000000d5b80000,0x00000000d5c80000)
 ParOldGen       total 855552K, used 855394K [0x0000000080000000, 0x00000000b4380000, 0x00000000d5580000)
  object space 855552K, 99% used [0x0000000080000000,0x00000000b4358b10,0x00000000b4380000)
 Metaspace       used 85106K, committed 86848K, reserved 1179648K
  class space    used 8678K, committed 9472K, reserved 1048576K
}
Event: 1006.285 GC heap after
{Heap after GC invocations=1286 (full 4):
 PSYoungGen      total 5632K, used 410K [0x00000000d5580000, 0x00000000d5c00000, 0x0000000100000000)
  eden space 5120K, 0% used [0x00000000d5580000,0x00000000d5580000,0x00000000d5a80000)
  from space 512K, 80% used [0x00000000d5b80000,0x00000000d5be6900,0x00000000d5c00000)
  to   space 512K, 0% used [0x00000000d5a80000,0x00000000d5a80000,0x00000000d5b00000)
 ParOldGen       total 855552K, used 855506K [0x0000000080000000, 0x00000000b4380000, 0x00000000d5580000)
  object space 855552K, 99% used [0x0000000080000000,0x00000000b4374b10,0x00000000b4380000)
 Metaspace       used 85106K, committed 86848K, reserved 1179648K
  class space    used 8678K, committed 9472K, reserved 1048576K
}
Event: 1006.333 GC heap before
{Heap before GC invocations=1287 (full 4):
 PSYoungGen      total 5632K, used 5530K [0x00000000d5580000, 0x00000000d5c00000, 0x0000000100000000)
  eden space 5120K, 99% used [0x00000000d5580000,0x00000000d5a7ffd0,0x00000000d5a80000)
  from space 512K, 80% used [0x00000000d5b80000,0x00000000d5be6900,0x00000000d5c00000)
  to   space 512K, 0% used [0x00000000d5a80000,0x00000000d5a80000,0x00000000d5b00000)
 ParOldGen       total 855552K, used 855506K [0x0000000080000000, 0x00000000b4380000, 0x00000000d5580000)
  object space 855552K, 99% used [0x0000000080000000,0x00000000b4374b10,0x00000000b4380000)
 Metaspace       used 85107K, committed 86848K, reserved 1179648K
  class space    used 8678K, committed 9472K, reserved 1048576K
}
Event: 1006.335 GC heap after
{Heap after GC invocations=1287 (full 4):
 PSYoungGen      total 5632K, used 484K [0x00000000d5580000, 0x00000000d5d80000, 0x0000000100000000)
  eden space 5120K, 0% used [0x00000000d5580000,0x00000000d5580000,0x00000000d5a80000)
  from space 512K, 94% used [0x00000000d5a80000,0x00000000d5af9210,0x00000000d5b00000)
  to   space 1536K, 0% used [0x00000000d5c00000,0x00000000d5c00000,0x00000000d5d80000)
 ParOldGen       total 856064K, used 855967K [0x0000000080000000, 0x00000000b4400000, 0x00000000d5580000)
  object space 856064K, 99% used [0x0000000080000000,0x00000000b43e7d30,0x00000000b4400000)
 Metaspace       used 85107K, committed 86848K, reserved 1179648K
  class space    used 8678K, committed 9472K, reserved 1048576K
}
Event: 1006.343 GC heap before
{Heap before GC invocations=1288 (full 4):
 PSYoungGen      total 5632K, used 5604K [0x00000000d5580000, 0x00000000d5d80000, 0x0000000100000000)
  eden space 5120K, 100% used [0x00000000d5580000,0x00000000d5a80000,0x00000000d5a80000)
  from space 512K, 94% used [0x00000000d5a80000,0x00000000d5af9210,0x00000000d5b00000)
  to   space 1536K, 0% used [0x00000000d5c00000,0x00000000d5c00000,0x00000000d5d80000)
 ParOldGen       total 856064K, used 855967K [0x0000000080000000, 0x00000000b4400000, 0x00000000d5580000)
  object space 856064K, 99% used [0x0000000080000000,0x00000000b43e7d30,0x00000000b4400000)
 Metaspace       used 85107K, committed 86848K, reserved 1179648K
  class space    used 8678K, committed 9472K, reserved 1048576K
}
Event: 1006.344 GC heap after
{Heap after GC invocations=1288 (full 4):
 PSYoungGen      total 5632K, used 416K [0x00000000d5580000, 0x00000000d5c80000, 0x0000000100000000)
  eden space 5120K, 0% used [0x00000000d5580000,0x00000000d5580000,0x00000000d5a80000)
  from space 512K, 81% used [0x00000000d5c00000,0x00000000d5c68000,0x00000000d5c80000)
  to   space 1024K, 0% used [0x00000000d5a80000,0x00000000d5a80000,0x00000000d5b80000)
 ParOldGen       total 856576K, used 856480K [0x0000000080000000, 0x00000000b4480000, 0x00000000d5580000)
  object space 856576K, 99% used [0x0000000080000000,0x00000000b44681d0,0x00000000b4480000)
 Metaspace       used 85107K, committed 86848K, reserved 1179648K
  class space    used 8678K, committed 9472K, reserved 1048576K
}
Event: 1006.351 GC heap before
{Heap before GC invocations=1289 (full 4):
 PSYoungGen      total 5632K, used 5536K [0x00000000d5580000, 0x00000000d5c80000, 0x0000000100000000)
  eden space 5120K, 100% used [0x00000000d5580000,0x00000000d5a80000,0x00000000d5a80000)
  from space 512K, 81% used [0x00000000d5c00000,0x00000000d5c68000,0x00000000d5c80000)
  to   space 1024K, 0% used [0x00000000d5a80000,0x00000000d5a80000,0x00000000d5b80000)
 ParOldGen       total 856576K, used 856480K [0x0000000080000000, 0x00000000b4480000, 0x00000000d5580000)
  object space 856576K, 99% used [0x0000000080000000,0x00000000b44681d0,0x00000000b4480000)
 Metaspace       used 85107K, committed 86848K, reserved 1179648K
  class space    used 8678K, committed 9472K, reserved 1048576K
}
Event: 1006.353 GC heap after
{Heap after GC invocations=1289 (full 4):
 PSYoungGen      total 6144K, used 896K [0x00000000d5580000, 0x00000000d5c80000, 0x0000000100000000)
  eden space 5120K, 0% used [0x00000000d5580000,0x00000000d5580000,0x00000000d5a80000)
  from space 1024K, 87% used [0x00000000d5a80000,0x00000000d5b60000,0x00000000d5b80000)
  to   space 1024K, 0% used [0x00000000d5b80000,0x00000000d5b80000,0x00000000d5c80000)
 ParOldGen       total 857088K, used 856712K [0x0000000080000000, 0x00000000b4500000, 0x00000000d5580000)
  object space 857088K, 99% used [0x0000000080000000,0x00000000b44a21f0,0x00000000b4500000)
 Metaspace       used 85107K, committed 86848K, reserved 1179648K
  class space    used 8678K, committed 9472K, reserved 1048576K
}
Event: 1006.390 GC heap before
{Heap before GC invocations=1290 (full 4):
 PSYoungGen      total 6144K, used 6015K [0x00000000d5580000, 0x00000000d5c80000, 0x0000000100000000)
  eden space 5120K, 99% used [0x00000000d5580000,0x00000000d5a7fff8,0x00000000d5a80000)
  from space 1024K, 87% used [0x00000000d5a80000,0x00000000d5b60000,0x00000000d5b80000)
  to   space 1024K, 0% used [0x00000000d5b80000,0x00000000d5b80000,0x00000000d5c80000)
 ParOldGen       total 857088K, used 856712K [0x0000000080000000, 0x00000000b4500000, 0x00000000d5580000)
  object space 857088K, 99% used [0x0000000080000000,0x00000000b44a21f0,0x00000000b4500000)
 Metaspace       used 85107K, committed 86848K, reserved 1179648K
  class space    used 8678K, committed 9472K, reserved 1048576K
}
Event: 1006.393 GC heap after
{Heap after GC invocations=1290 (full 4):
 PSYoungGen      total 6144K, used 756K [0x00000000d5580000, 0x00000000d5c80000, 0x0000000100000000)
  eden space 5120K, 0% used [0x00000000d5580000,0x00000000d5580000,0x00000000d5a80000)
  from space 1024K, 73% used [0x00000000d5b80000,0x00000000d5c3d200,0x00000000d5c80000)
  to   space 1024K, 0% used [0x00000000d5a80000,0x00000000d5a80000,0x00000000d5b80000)
 ParOldGen       total 857600K, used 857502K [0x0000000080000000, 0x00000000b4580000, 0x00000000d5580000)
  object space 857600K, 99% used [0x0000000080000000,0x00000000b45678f8,0x00000000b4580000)
 Metaspace       used 85107K, committed 86848K, reserved 1179648K
  class space    used 8678K, committed 9472K, reserved 1048576K
}
Event: 1006.399 GC heap before
{Heap before GC invocations=1291 (full 4):
 PSYoungGen      total 6144K, used 5876K [0x00000000d5580000, 0x00000000d5c80000, 0x0000000100000000)
  eden space 5120K, 100% used [0x00000000d5580000,0x00000000d5a80000,0x00000000d5a80000)
  from space 1024K, 73% used [0x00000000d5b80000,0x00000000d5c3d200,0x00000000d5c80000)
  to   space 1024K, 0% used [0x00000000d5a80000,0x00000000d5a80000,0x00000000d5b80000)
 ParOldGen       total 857600K, used 857502K [0x0000000080000000, 0x00000000b4580000, 0x00000000d5580000)
  object space 857600K, 99% used [0x0000000080000000,0x00000000b45678f8,0x00000000b4580000)
 Metaspace       used 85107K, committed 86848K, reserved 1179648K
  class space    used 8678K, committed 9472K, reserved 1048576K
}
Event: 1006.402 GC heap after
{Heap after GC invocations=1291 (full 4):
 PSYoungGen      total 6144K, used 432K [0x00000000d5580000, 0x00000000d5c80000, 0x0000000100000000)
  eden space 5120K, 0% used [0x00000000d5580000,0x00000000d5580000,0x00000000d5a80000)
  from space 1024K, 42% used [0x00000000d5a80000,0x00000000d5aec010,0x00000000d5b80000)
  to   space 1024K, 0% used [0x00000000d5b80000,0x00000000d5b80000,0x00000000d5c80000)
 ParOldGen       total 858624K, used 858175K [0x0000000080000000, 0x00000000b4680000, 0x00000000d5580000)
  object space 858624K, 99% used [0x0000000080000000,0x00000000b460fda8,0x00000000b4680000)
 Metaspace       used 85107K, committed 86848K, reserved 1179648K
  class space    used 8678K, committed 9472K, reserved 1048576K
}
Event: 1006.410 GC heap before
{Heap before GC invocations=1292 (full 4):
 PSYoungGen      total 6144K, used 5552K [0x00000000d5580000, 0x00000000d5c80000, 0x0000000100000000)
  eden space 5120K, 100% used [0x00000000d5580000,0x00000000d5a80000,0x00000000d5a80000)
  from space 1024K, 42% used [0x00000000d5a80000,0x00000000d5aec010,0x00000000d5b80000)
  to   space 1024K, 0% used [0x00000000d5b80000,0x00000000d5b80000,0x00000000d5c80000)
 ParOldGen       total 858624K, used 858175K [0x0000000080000000, 0x00000000b4680000, 0x00000000d5580000)
  object space 858624K, 99% used [0x0000000080000000,0x00000000b460fda8,0x00000000b4680000)
 Metaspace       used 85107K, committed 86848K, reserved 1179648K
  class space    used 8678K, committed 9472K, reserved 1048576K
}
Event: 1006.412 GC heap after
{Heap after GC invocations=1292 (full 4):
 PSYoungGen      total 5632K, used 944K [0x00000000d5580000, 0x00000000d5d80000, 0x0000000100000000)
  eden space 4608K, 0% used [0x00000000d5580000,0x00000000d5580000,0x00000000d5a00000)
  from space 1024K, 92% used [0x00000000d5b80000,0x00000000d5c6c010,0x00000000d5c80000)
  to   space 1536K, 0% used [0x00000000d5a00000,0x00000000d5a00000,0x00000000d5b80000)
 ParOldGen       total 858624K, used 858471K [0x0000000080000000, 0x00000000b4680000, 0x00000000d5580000)
  object space 858624K, 99% used [0x0000000080000000,0x00000000b4659dc8,0x00000000b4680000)
 Metaspace       used 85107K, committed 86848K, reserved 1179648K
  class space    used 8678K, committed 9472K, reserved 1048576K
}
Event: 1006.620 GC heap before
{Heap before GC invocations=1293 (full 4):
 PSYoungGen      total 5632K, used 5552K [0x00000000d5580000, 0x00000000d5d80000, 0x0000000100000000)
  eden space 4608K, 100% used [0x00000000d5580000,0x00000000d5a00000,0x00000000d5a00000)
  from space 1024K, 92% used [0x00000000d5b80000,0x00000000d5c6c010,0x00000000d5c80000)
  to   space 1536K, 0% used [0x00000000d5a00000,0x00000000d5a00000,0x00000000d5b80000)
 ParOldGen       total 858624K, used 858471K [0x0000000080000000, 0x00000000b4680000, 0x00000000d5580000)
  object space 858624K, 99% used [0x0000000080000000,0x00000000b4659dc8,0x00000000b4680000)
 Metaspace       used 85107K, committed 86848K, reserved 1179648K
  class space    used 8678K, committed 9472K, reserved 1048576K
}
Event: 1006.623 GC heap after
{Heap after GC invocations=1293 (full 4):
 PSYoungGen      total 5120K, used 288K [0x00000000d5580000, 0x00000000d5c00000, 0x0000000100000000)
  eden space 4608K, 0% used [0x00000000d5580000,0x00000000d5580000,0x00000000d5a00000)
  from space 512K, 56% used [0x00000000d5a00000,0x00000000d5a48000,0x00000000d5a80000)
  to   space 1024K, 0% used [0x00000000d5b00000,0x00000000d5b00000,0x00000000d5c00000)
 ParOldGen       total 859648K, used 859295K [0x0000000080000000, 0x00000000b4780000, 0x00000000d5580000)
  object space 859648K, 99% used [0x0000000080000000,0x00000000b4727de8,0x00000000b4780000)
 Metaspace       used 85107K, committed 86848K, reserved 1179648K
  class space    used 8678K, committed 9472K, reserved 1048576K
}

