# JRE version: OpenJDK Runtime Environment Temurin-21.0.10+7 (21.0.10+7) (build 21.0.10+7-LTS)
# Java VM: OpenJDK 64-Bit Server VM Temurin-21.0.10+7 (21.0.10+7-LTS, mixed mode, sharing, tiered, compressed oops, compressed class ptrs, parallel gc, windows-amd64)
GC Precious Log:
 CardTable entry size: 512
 CPUs: 8 total, 8 available
 Memory: 7930M
 Large Page Support: Disabled
 NUMA Support: Disabled
 Compressed Oops: Enabled (32-bit)
 Alignments: Space 512K, Generation 512K, Heap 2M
 Heap Min Capacity: 100M
 Heap Initial Capacity: 100M
 Heap Max Capacity: 2G
 Pre-touch: Disabled
 Parallel Workers: 8
Heap:
 PSYoungGen      total 5120K, used 4158K [0x00000000d5580000, 0x00000000d5c80000, 0x0000000100000000)
  eden space 4608K, 79% used [0x00000000d5580000,0x00000000d5917ae0,0x00000000d5a00000)
  from space 512K, 93% used [0x00000000d5b00000,0x00000000d5b78000,0x00000000d5b80000)
  to   space 1024K, 0% used [0x00000000d5b80000,0x00000000d5b80000,0x00000000d5c80000)
 ParOldGen       total 1119744K, used 268509K [0x0000000080000000, 0x00000000c4580000, 0x00000000d5580000)
  object space 1119744K, 23% used [0x0000000080000000,0x00000000906374c0,0x00000000c4580000)
 Metaspace       used 93688K, committed 95680K, reserved 1179648K
  class space    used 9547K, committed 10432K, reserved 1048576K
GC Heap History (20 events):
Event: 1185.294 GC heap before
{Heap before GC invocations=2362 (full 6):
 PSYoungGen      total 5632K, used 5306K [0x00000000d5580000, 0x00000000d5c00000, 0x0000000100000000)
  eden space 4608K, 100% used [0x00000000d5580000,0x00000000d5a00000,0x00000000d5a00000)
  from space 1024K, 68% used [0x00000000d5a00000,0x00000000d5aae900,0x00000000d5b00000)
  to   space 1024K, 0% used [0x00000000d5b00000,0x00000000d5b00000,0x00000000d5c00000)
 ParOldGen       total 1119744K, used 230735K [0x0000000080000000, 0x00000000c4580000, 0x00000000d5580000)
  object space 1119744K, 20% used [0x0000000080000000,0x000000008e153e08,0x00000000c4580000)
 Metaspace       used 93643K, committed 95616K, reserved 1179648K
  class space    used 9547K, committed 10432K, reserved 1048576K
}
Event: 1185.296 GC heap after
{Heap after GC invocations=2362 (full 6):
 PSYoungGen      total 5632K, used 512K [0x00000000d5580000, 0x00000000d5d00000, 0x0000000100000000)
  eden space 4608K, 0% used [0x00000000d5580000,0x00000000d5580000,0x00000000d5a00000)
  from space 1024K, 50% used [0x00000000d5b00000,0x00000000d5b80000,0x00000000d5c00000)
  to   space 1024K, 0% used [0x00000000d5a00000,0x00000000d5a00000,0x00000000d5b00000)
 ParOldGen       total 1119744K, used 231364K [0x0000000080000000, 0x00000000c4580000, 0x00000000d5580000)
  object space 1119744K, 20% used [0x0000000080000000,0x000000008e1f1028,0x00000000c4580000)
 Metaspace       used 93643K, committed 95616K, reserved 1179648K
  class space    used 9547K, committed 10432K, reserved 1048576K
}
Event: 1185.303 GC heap before
{Heap before GC invocations=2363 (full 6):
 PSYoungGen      total 5632K, used 5120K [0x00000000d5580000, 0x00000000d5d00000, 0x0000000100000000)
  eden space 4608K, 100% used [0x00000000d5580000,0x00000000d5a00000,0x00000000d5a00000)
  from space 1024K, 50% used [0x00000000d5b00000,0x00000000d5b80000,0x00000000d5c00000)
  to   space 1024K, 0% used [0x00000000d5a00000,0x00000000d5a00000,0x00000000d5b00000)
 ParOldGen       total 1119744K, used 231364K [0x0000000080000000, 0x00000000c4580000, 0x00000000d5580000)
  object space 1119744K, 20% used [0x0000000080000000,0x000000008e1f1028,0x00000000c4580000)
 Metaspace       used 93644K, committed 95616K, reserved 1179648K
  class space    used 9547K, committed 10432K, reserved 1048576K
}
Event: 1185.305 GC heap after
{Heap after GC invocations=2363 (full 6):
 PSYoungGen      total 5632K, used 836K [0x00000000d5580000, 0x00000000d5d00000, 0x0000000100000000)
  eden space 4608K, 0% used [0x00000000d5580000,0x00000000d5580000,0x00000000d5a00000)
  from space 1024K, 81% used [0x00000000d5a00000,0x00000000d5ad1210,0x00000000d5b00000)
  to   space 1024K, 0% used [0x00000000d5c00000,0x00000000d5c00000,0x00000000d5d00000)
 ParOldGen       total 1119744K, used 231732K [0x0000000080000000, 0x00000000c4580000, 0x00000000d5580000)
  object space 1119744K, 20% used [0x0000000080000000,0x000000008e24d048,0x00000000c4580000)
 Metaspace       used 93644K, committed 95616K, reserved 1179648K
  class space    used 9547K, committed 10432K, reserved 1048576K
}
Event: 1185.308 GC heap before
{Heap before GC invocations=2364 (full 6):
 PSYoungGen      total 5632K, used 5444K [0x00000000d5580000, 0x00000000d5d00000, 0x0000000100000000)
  eden space 4608K, 100% used [0x00000000d5580000,0x00000000d5a00000,0x00000000d5a00000)
  from space 1024K, 81% used [0x00000000d5a00000,0x00000000d5ad1210,0x00000000d5b00000)
  to   space 1024K, 0% used [0x00000000d5c00000,0x00000000d5c00000,0x00000000d5d00000)
 ParOldGen       total 1119744K, used 231732K [0x0000000080000000, 0x00000000c4580000, 0x00000000d5580000)
  object space 1119744K, 20% used [0x0000000080000000,0x000000008e24d048,0x00000000c4580000)
 Metaspace       used 93644K, committed 95616K, reserved 1179648K
  class space    used 9547K, committed 10432K, reserved 1048576K
}
Event: 1185.310 GC heap after
{Heap after GC invocations=2364 (full 6):
 PSYoungGen      total 6656K, used 464K [0x00000000d5580000, 0x00000000d5d00000, 0x0000000100000000)
  eden space 5632K, 0% used [0x00000000d5580000,0x00000000d5580000,0x00000000d5b00000)
  from space 1024K, 45% used [0x00000000d5c00000,0x00000000d5c74010,0x00000000d5d00000)
  to   space 1024K, 0% used [0x00000000d5b00000,0x00000000d5b00000,0x00000000d5c00000)
 ParOldGen       total 1119744K, used 232440K [0x0000000080000000, 0x00000000c4580000, 0x00000000d5580000)
  object space 1119744K, 20% used [0x0000000080000000,0x000000008e2fe268,0x00000000c4580000)
 Metaspace       used 93644K, committed 95616K, reserved 1179648K
  class space    used 9547K, committed 10432K, reserved 1048576K
}
Event: 1185.746 GC heap before
{Heap before GC invocations=2365 (full 6):
 PSYoungGen      total 6656K, used 5489K [0x00000000d5580000, 0x00000000d5d00000, 0x0000000100000000)
  eden space 5632K, 89% used [0x00000000d5580000,0x00000000d5a686b0,0x00000000d5b00000)
  from space 1024K, 45% used [0x00000000d5c00000,0x00000000d5c74010,0x00000000d5d00000)
  to   space 1024K, 0% used [0x00000000d5b00000,0x00000000d5b00000,0x00000000d5c00000)
 ParOldGen       total 1119744K, used 232440K [0x0000000080000000, 0x00000000c4580000, 0x00000000d5580000)
  object space 1119744K, 20% used [0x0000000080000000,0x000000008e2fe268,0x00000000c4580000)
 Metaspace       used 93647K, committed 95616K, reserved 1179648K
  class space    used 9547K, committed 10432K, reserved 1048576K
}
Event: 1185.748 GC heap after
{Heap after GC invocations=2365 (full 6):
 PSYoungGen      total 6656K, used 1021K [0x00000000d5580000, 0x00000000d6080000, 0x0000000100000000)
  eden space 5632K, 0% used [0x00000000d5580000,0x00000000d5580000,0x00000000d5b00000)
  from space 1024K, 99% used [0x00000000d5b00000,0x00000000d5bff678,0x00000000d5c00000)
  to   space 2048K, 0% used [0x00000000d5e80000,0x00000000d5e80000,0x00000000d6080000)
 ParOldGen       total 1119744K, used 232888K [0x0000000080000000, 0x00000000c4580000, 0x00000000d5580000)
  object space 1119744K, 20% used [0x0000000080000000,0x000000008e36e2e8,0x00000000c4580000)
 Metaspace       used 93647K, committed 95616K, reserved 1179648K
  class space    used 9547K, committed 10432K, reserved 1048576K
}
Event: 1185.765 GC heap before
{Heap before GC invocations=2366 (full 6):
 PSYoungGen      total 6656K, used 6653K [0x00000000d5580000, 0x00000000d6080000, 0x0000000100000000)
  eden space 5632K, 100% used [0x00000000d5580000,0x00000000d5b00000,0x00000000d5b00000)
  from space 1024K, 99% used [0x00000000d5b00000,0x00000000d5bff678,0x00000000d5c00000)
  to   space 2048K, 0% used [0x00000000d5e80000,0x00000000d5e80000,0x00000000d6080000)
 ParOldGen       total 1119744K, used 232888K [0x0000000080000000, 0x00000000c4580000, 0x00000000d5580000)
  object space 1119744K, 20% used [0x0000000080000000,0x000000008e36e2e8,0x00000000c4580000)
 Metaspace       used 93657K, committed 95616K, reserved 1179648K
  class space    used 9547K, committed 10432K, reserved 1048576K
}
Event: 1185.769 GC heap after
{Heap after GC invocations=2366 (full 6):
 PSYoungGen      total 5632K, used 2042K [0x00000000d5580000, 0x00000000d6780000, 0x0000000100000000)
  eden space 3584K, 0% used [0x00000000d5580000,0x00000000d5580000,0x00000000d5900000)
  from space 2048K, 99% used [0x00000000d5e80000,0x00000000d607e860,0x00000000d6080000)
  to   space 5632K, 0% used [0x00000000d5900000,0x00000000d5900000,0x00000000d5e80000)
 ParOldGen       total 1119744K, used 235536K [0x0000000080000000, 0x00000000c4580000, 0x00000000d5580000)
  object space 1119744K, 21% used [0x0000000080000000,0x000000008e604010,0x00000000c4580000)
 Metaspace       used 93657K, committed 95616K, reserved 1179648K
  class space    used 9547K, committed 10432K, reserved 1048576K
}
Event: 1185.843 GC heap before
{Heap before GC invocations=2367 (full 6):
 PSYoungGen      total 5632K, used 5626K [0x00000000d5580000, 0x00000000d6780000, 0x0000000100000000)
  eden space 3584K, 100% used [0x00000000d5580000,0x00000000d5900000,0x00000000d5900000)
  from space 2048K, 99% used [0x00000000d5e80000,0x00000000d607e860,0x00000000d6080000)
  to   space 5632K, 0% used [0x00000000d5900000,0x00000000d5900000,0x00000000d5e80000)
 ParOldGen       total 1119744K, used 266256K [0x0000000080000000, 0x00000000c4580000, 0x00000000d5580000)
  object space 1119744K, 23% used [0x0000000080000000,0x0000000090404040,0x00000000c4580000)
 Metaspace       used 93659K, committed 95616K, reserved 1179648K
  class space    used 9547K, committed 10432K, reserved 1048576K
}
Event: 1185.844 GC heap after
{Heap after GC invocations=2367 (full 6):
 PSYoungGen      total 4608K, used 756K [0x00000000d5580000, 0x00000000d5f00000, 0x0000000100000000)
  eden space 3584K, 0% used [0x00000000d5580000,0x00000000d5580000,0x00000000d5900000)
  from space 1024K, 73% used [0x00000000d5900000,0x00000000d59bd220,0x00000000d5a00000)
  to   space 2560K, 0% used [0x00000000d5c80000,0x00000000d5c80000,0x00000000d5f00000)
 ParOldGen       total 1119744K, used 266776K [0x0000000080000000, 0x00000000c4580000, 0x00000000d5580000)
  object space 1119744K, 23% used [0x0000000080000000,0x0000000090486040,0x00000000c4580000)
 Metaspace       used 93659K, committed 95616K, reserved 1179648K
  class space    used 9547K, committed 10432K, reserved 1048576K
}
Event: 1185.848 GC heap before
{Heap before GC invocations=2368 (full 6):
 PSYoungGen      total 4608K, used 4340K [0x00000000d5580000, 0x00000000d5f00000, 0x0000000100000000)
  eden space 3584K, 100% used [0x00000000d5580000,0x00000000d5900000,0x00000000d5900000)
  from space 1024K, 73% used [0x00000000d5900000,0x00000000d59bd220,0x00000000d5a00000)
  to   space 2560K, 0% used [0x00000000d5c80000,0x00000000d5c80000,0x00000000d5f00000)
 ParOldGen       total 1119744K, used 266776K [0x0000000080000000, 0x00000000c4580000, 0x00000000d5580000)
  object space 1119744K, 23% used [0x0000000080000000,0x0000000090486040,0x00000000c4580000)
 Metaspace       used 93659K, committed 95616K, reserved 1179648K
  class space    used 9547K, committed 10432K, reserved 1048576K
}
Event: 1185.849 GC heap after
{Heap after GC invocations=2368 (full 6):
 PSYoungGen      total 4096K, used 384K [0x00000000d5580000, 0x00000000d5d00000, 0x0000000100000000)
  eden space 3584K, 0% used [0x00000000d5580000,0x00000000d5580000,0x00000000d5900000)
  from space 512K, 75% used [0x00000000d5c80000,0x00000000d5ce0000,0x00000000d5d00000)
  to   space 1024K, 0% used [0x00000000d5b00000,0x00000000d5b00000,0x00000000d5c00000)
 ParOldGen       total 1119744K, used 267408K [0x0000000080000000, 0x00000000c4580000, 0x00000000d5580000)
  object space 1119744K, 23% used [0x0000000080000000,0x0000000090524260,0x00000000c4580000)
 Metaspace       used 93659K, committed 95616K, reserved 1179648K
  class space    used 9547K, committed 10432K, reserved 1048576K
}
Event: 1185.855 GC heap before
{Heap before GC invocations=2369 (full 6):
 PSYoungGen      total 4096K, used 3968K [0x00000000d5580000, 0x00000000d5d00000, 0x0000000100000000)
  eden space 3584K, 100% used [0x00000000d5580000,0x00000000d5900000,0x00000000d5900000)
  from space 512K, 75% used [0x00000000d5c80000,0x00000000d5ce0000,0x00000000d5d00000)
  to   space 1024K, 0% used [0x00000000d5b00000,0x00000000d5b00000,0x00000000d5c00000)
 ParOldGen       total 1119744K, used 267408K [0x0000000080000000, 0x00000000c4580000, 0x00000000d5580000)
  object space 1119744K, 23% used [0x0000000080000000,0x0000000090524260,0x00000000c4580000)
 Metaspace       used 93662K, committed 95616K, reserved 1179648K
  class space    used 9547K, committed 10432K, reserved 1048576K
}
Event: 1185.857 GC heap after
{Heap after GC invocations=2369 (full 6):
 PSYoungGen      total 4608K, used 506K [0x00000000d5580000, 0x00000000d5d00000, 0x0000000100000000)
  eden space 3584K, 0% used [0x00000000d5580000,0x00000000d5580000,0x00000000d5900000)
  from space 1024K, 49% used [0x00000000d5b00000,0x00000000d5b7e900,0x00000000d5c00000)
  to   space 1024K, 0% used [0x00000000d5c00000,0x00000000d5c00000,0x00000000d5d00000)
 ParOldGen       total 1119744K, used 267656K [0x0000000080000000, 0x00000000c4580000, 0x00000000d5580000)
  object space 1119744K, 23% used [0x0000000080000000,0x0000000090562280,0x00000000c4580000)
 Metaspace       used 93662K, committed 95616K, reserved 1179648K
  class space    used 9547K, committed 10432K, reserved 1048576K
}
Event: 1185.861 GC heap before
{Heap before GC invocations=2370 (full 6):
 PSYoungGen      total 4608K, used 4090K [0x00000000d5580000, 0x00000000d5d00000, 0x0000000100000000)
  eden space 3584K, 100% used [0x00000000d5580000,0x00000000d5900000,0x00000000d5900000)
  from space 1024K, 49% used [0x00000000d5b00000,0x00000000d5b7e900,0x00000000d5c00000)
  to   space 1024K, 0% used [0x00000000d5c00000,0x00000000d5c00000,0x00000000d5d00000)
 ParOldGen       total 1119744K, used 267656K [0x0000000080000000, 0x00000000c4580000, 0x00000000d5580000)
  object space 1119744K, 23% used [0x0000000080000000,0x0000000090562280,0x00000000c4580000)
 Metaspace       used 93662K, committed 95616K, reserved 1179648K
  class space    used 9547K, committed 10432K, reserved 1048576K
}
Event: 1185.862 GC heap after
{Heap after GC invocations=2370 (full 6):
 PSYoungGen      total 5632K, used 608K [0x00000000d5580000, 0x00000000d5d00000, 0x0000000100000000)
  eden space 4608K, 0% used [0x00000000d5580000,0x00000000d5580000,0x00000000d5a00000)
  from space 1024K, 59% used [0x00000000d5c00000,0x00000000d5c98000,0x00000000d5d00000)
  to   space 1024K, 0% used [0x00000000d5b00000,0x00000000d5b00000,0x00000000d5c00000)
 ParOldGen       total 1119744K, used 268021K [0x0000000080000000, 0x00000000c4580000, 0x00000000d5580000)
  object space 1119744K, 23% used [0x0000000080000000,0x00000000905bd4a0,0x00000000c4580000)
 Metaspace       used 93662K, committed 95616K, reserved 1179648K
  class space    used 9547K, committed 10432K, reserved 1048576K
}
Event: 1185.869 GC heap before
{Heap before GC invocations=2371 (full 6):
 PSYoungGen      total 5632K, used 5216K [0x00000000d5580000, 0x00000000d5d00000, 0x0000000100000000)
  eden space 4608K, 100% used [0x00000000d5580000,0x00000000d5a00000,0x00000000d5a00000)
  from space 1024K, 59% used [0x00000000d5c00000,0x00000000d5c98000,0x00000000d5d00000)
  to   space 1024K, 0% used [0x00000000d5b00000,0x00000000d5b00000,0x00000000d5c00000)
 ParOldGen       total 1119744K, used 268021K [0x0000000080000000, 0x00000000c4580000, 0x00000000d5580000)
  object space 1119744K, 23% used [0x0000000080000000,0x00000000905bd4a0,0x00000000c4580000)
 Metaspace       used 93662K, committed 95616K, reserved 1179648K
  class space    used 9547K, committed 10432K, reserved 1048576K
}
Event: 1185.870 GC heap after
{Heap after GC invocations=2371 (full 6):
 PSYoungGen      total 5120K, used 480K [0x00000000d5580000, 0x00000000d5c80000, 0x0000000100000000)
  eden space 4608K, 0% used [0x00000000d5580000,0x00000000d5580000,0x00000000d5a00000)
  from space 512K, 93% used [0x00000000d5b00000,0x00000000d5b78000,0x00000000d5b80000)
  to   space 1024K, 0% used [0x00000000d5b80000,0x00000000d5b80000,0x00000000d5c80000)
 ParOldGen       total 1119744K, used 268509K [0x0000000080000000, 0x00000000c4580000, 0x00000000d5580000)
  object space 1119744K, 23% used [0x0000000080000000,0x00000000906374c0,0x00000000c4580000)
 Metaspace       used 93662K, committed 95616K, reserved 1179648K
  class space    used 9547K, committed 10432K, reserved 1048576K
}

