# JRE version: OpenJDK Runtime Environment Temurin-21.0.10+7 (21.0.10+7) (build 21.0.10+7-LTS)
# Java VM: OpenJDK 64-Bit Server VM Temurin-21.0.10+7 (21.0.10+7-LTS, mixed mode, sharing, tiered, compressed oops, compressed class ptrs, parallel gc, windows-amd64)
GC Precious Log:
 CardTable entry size: 512
 CPUs: 8 total, 8 available
 Memory: 7930M
 Large Page Support: Disabled
 NUMA Support: Disabled
 Compressed Oops: Enabled (32-bit)
 Alignments: Space 512K, Generation 512K, Heap 2M
 Heap Min Capacity: 100M
 Heap Initial Capacity: 100M
 Heap Max Capacity: 2G
 Pre-touch: Disabled
 Parallel Workers: 8
Heap:
 PSYoungGen      total 2560K, used 740K [0x00000000d5580000, 0x00000000d5900000, 0x0000000100000000)
  eden space 2048K, 25% used [0x00000000d5580000,0x00000000d56012c8,0x00000000d5780000)
  from space 512K, 43% used [0x00000000d5800000,0x00000000d5838000,0x00000000d5880000)
  to   space 512K, 0% used [0x00000000d5880000,0x00000000d5880000,0x00000000d5900000)
 ParOldGen       total 662016K, used 332310K [0x0000000080000000, 0x00000000a8680000, 0x00000000d5580000)
  object space 662016K, 50% used [0x0000000080000000,0x0000000094485a60,0x00000000a8680000)
 Metaspace       used 88977K, committed 90944K, reserved 1179648K
  class space    used 9134K, committed 10048K, reserved 1048576K
GC Heap History (20 events):
Event: 350.843 GC heap before
{Heap before GC invocations=2333 (full 5):
 PSYoungGen      total 1536K, used 1376K [0x00000000d5580000, 0x00000000d5900000, 0x0000000100000000)
  eden space 1024K, 100% used [0x00000000d5580000,0x00000000d5680000,0x00000000d5680000)
  from space 512K, 68% used [0x00000000d5800000,0x00000000d5858000,0x00000000d5880000)
  to   space 512K, 0% used [0x00000000d5880000,0x00000000d5880000,0x00000000d5900000)
 ParOldGen       total 662016K, used 330178K [0x0000000080000000, 0x00000000a8680000, 0x00000000d5580000)
  object space 662016K, 49% used [0x0000000080000000,0x00000000942708c8,0x00000000a8680000)
 Metaspace       used 88166K, committed 90048K, reserved 1179648K
  class space    used 9049K, committed 9920K, reserved 1048576K
}
Event: 350.844 GC heap after
{Heap after GC invocations=2333 (full 5):
 PSYoungGen      total 2048K, used 416K [0x00000000d5580000, 0x00000000d5900000, 0x0000000100000000)
  eden space 1536K, 0% used [0x00000000d5580000,0x00000000d5580000,0x00000000d5700000)
  from space 512K, 81% used [0x00000000d5880000,0x00000000d58e8000,0x00000000d5900000)
  to   space 512K, 0% used [0x00000000d5800000,0x00000000d5800000,0x00000000d5880000)
 ParOldGen       total 662016K, used 330474K [0x0000000080000000, 0x00000000a8680000, 0x00000000d5580000)
  object space 662016K, 49% used [0x0000000080000000,0x00000000942ba8c8,0x00000000a8680000)
 Metaspace       used 88166K, committed 90048K, reserved 1179648K
  class space    used 9049K, committed 9920K, reserved 1048576K
}
Event: 350.847 GC heap before
{Heap before GC invocations=2334 (full 5):
 PSYoungGen      total 2048K, used 1952K [0x00000000d5580000, 0x00000000d5900000, 0x0000000100000000)
  eden space 1536K, 100% used [0x00000000d5580000,0x00000000d5700000,0x00000000d5700000)
  from space 512K, 81% used [0x00000000d5880000,0x00000000d58e8000,0x00000000d5900000)
  to   space 512K, 0% used [0x00000000d5800000,0x00000000d5800000,0x00000000d5880000)
 ParOldGen       total 662016K, used 330474K [0x0000000080000000, 0x00000000a8680000, 0x00000000d5580000)
  object space 662016K, 49% used [0x0000000080000000,0x00000000942ba8c8,0x00000000a8680000)
 Metaspace       used 88168K, committed 90048K, reserved 1179648K
  class space    used 9049K, committed 9920K, reserved 1048576K
}
Event: 350.848 GC heap after
{Heap after GC invocations=2334 (full 5):
 PSYoungGen      total 2560K, used 512K [0x00000000d5580000, 0x00000000d5980000, 0x0000000100000000)
  eden space 2048K, 0% used [0x00000000d5580000,0x00000000d5580000,0x00000000d5780000)
  from space 512K, 100% used [0x00000000d5800000,0x00000000d5880000,0x00000000d5880000)
  to   space 1024K, 0% used [0x00000000d5880000,0x00000000d5880000,0x00000000d5980000)
 ParOldGen       total 662016K, used 330810K [0x0000000080000000, 0x00000000a8680000, 0x00000000d5580000)
  object space 662016K, 49% used [0x0000000080000000,0x000000009430e8c8,0x00000000a8680000)
 Metaspace       used 88168K, committed 90048K, reserved 1179648K
  class space    used 9049K, committed 9920K, reserved 1048576K
}
Event: 350.852 GC heap before
{Heap before GC invocations=2335 (full 5):
 PSYoungGen      total 2560K, used 2560K [0x00000000d5580000, 0x00000000d5980000, 0x0000000100000000)
  eden space 2048K, 100% used [0x00000000d5580000,0x00000000d5780000,0x00000000d5780000)
  from space 512K, 100% used [0x00000000d5800000,0x00000000d5880000,0x00000000d5880000)
  to   space 1024K, 0% used [0x00000000d5880000,0x00000000d5880000,0x00000000d5980000)
 ParOldGen       total 662016K, used 330810K [0x0000000080000000, 0x00000000a8680000, 0x00000000d5580000)
  object space 662016K, 49% used [0x0000000080000000,0x000000009430e8c8,0x00000000a8680000)
 Metaspace       used 88175K, committed 90048K, reserved 1179648K
  class space    used 9049K, committed 9920K, reserved 1048576K
}
Event: 350.854 GC heap after
{Heap after GC invocations=2335 (full 5):
 PSYoungGen      total 3072K, used 592K [0x00000000d5580000, 0x00000000d5a00000, 0x0000000100000000)
  eden space 2048K, 0% used [0x00000000d5580000,0x00000000d5580000,0x00000000d5780000)
  from space 1024K, 57% used [0x00000000d5880000,0x00000000d5914010,0x00000000d5980000)
  to   space 1024K, 0% used [0x00000000d5780000,0x00000000d5780000,0x00000000d5880000)
 ParOldGen       total 662016K, used 331202K [0x0000000080000000, 0x00000000a8680000, 0x00000000d5580000)
  object space 662016K, 50% used [0x0000000080000000,0x00000000943708c8,0x00000000a8680000)
 Metaspace       used 88175K, committed 90048K, reserved 1179648K
  class space    used 9049K, committed 9920K, reserved 1048576K
}
Event: 350.862 GC heap before
{Heap before GC invocations=2336 (full 5):
 PSYoungGen      total 3072K, used 2637K [0x00000000d5580000, 0x00000000d5a00000, 0x0000000100000000)
  eden space 2048K, 99% used [0x00000000d5580000,0x00000000d577f578,0x00000000d5780000)
  from space 1024K, 57% used [0x00000000d5880000,0x00000000d5914010,0x00000000d5980000)
  to   space 1024K, 0% used [0x00000000d5780000,0x00000000d5780000,0x00000000d5880000)
 ParOldGen       total 662016K, used 331202K [0x0000000080000000, 0x00000000a8680000, 0x00000000d5580000)
  object space 662016K, 50% used [0x0000000080000000,0x00000000943708c8,0x00000000a8680000)
 Metaspace       used 88184K, committed 90048K, reserved 1179648K
  class space    used 9049K, committed 9920K, reserved 1048576K
}
Event: 350.864 GC heap after
{Heap after GC invocations=2336 (full 5):
 PSYoungGen      total 3072K, used 352K [0x00000000d5580000, 0x00000000d5900000, 0x0000000100000000)
  eden space 2048K, 0% used [0x00000000d5580000,0x00000000d5580000,0x00000000d5780000)
  from space 1024K, 34% used [0x00000000d5780000,0x00000000d57d8000,0x00000000d5880000)
  to   space 512K, 0% used [0x00000000d5880000,0x00000000d5880000,0x00000000d5900000)
 ParOldGen       total 662016K, used 331530K [0x0000000080000000, 0x00000000a8680000, 0x00000000d5580000)
  object space 662016K, 50% used [0x0000000080000000,0x00000000943c28c8,0x00000000a8680000)
 Metaspace       used 88184K, committed 90048K, reserved 1179648K
  class space    used 9049K, committed 9920K, reserved 1048576K
}
Event: 350.894 GC heap before
{Heap before GC invocations=2337 (full 5):
 PSYoungGen      total 3072K, used 2400K [0x00000000d5580000, 0x00000000d5900000, 0x0000000100000000)
  eden space 2048K, 100% used [0x00000000d5580000,0x00000000d5780000,0x00000000d5780000)
  from space 1024K, 34% used [0x00000000d5780000,0x00000000d57d8000,0x00000000d5880000)
  to   space 512K, 0% used [0x00000000d5880000,0x00000000d5880000,0x00000000d5900000)
 ParOldGen       total 662016K, used 331530K [0x0000000080000000, 0x00000000a8680000, 0x00000000d5580000)
  object space 662016K, 50% used [0x0000000080000000,0x00000000943c28c8,0x00000000a8680000)
 Metaspace       used 88280K, committed 90112K, reserved 1179648K
  class space    used 9065K, committed 9920K, reserved 1048576K
}
Event: 350.895 GC heap after
{Heap after GC invocations=2337 (full 5):
 PSYoungGen      total 2560K, used 320K [0x00000000d5580000, 0x00000000d5900000, 0x0000000100000000)
  eden space 2048K, 0% used [0x00000000d5580000,0x00000000d5580000,0x00000000d5780000)
  from space 512K, 62% used [0x00000000d5880000,0x00000000d58d0000,0x00000000d5900000)
  to   space 512K, 0% used [0x00000000d5800000,0x00000000d5800000,0x00000000d5880000)
 ParOldGen       total 662016K, used 331714K [0x0000000080000000, 0x00000000a8680000, 0x00000000d5580000)
  object space 662016K, 50% used [0x0000000080000000,0x00000000943f08c8,0x00000000a8680000)
 Metaspace       used 88280K, committed 90112K, reserved 1179648K
  class space    used 9065K, committed 9920K, reserved 1048576K
}
Event: 350.919 GC heap before
{Heap before GC invocations=2338 (full 5):
 PSYoungGen      total 2560K, used 2368K [0x00000000d5580000, 0x00000000d5900000, 0x0000000100000000)
  eden space 2048K, 100% used [0x00000000d5580000,0x00000000d5780000,0x00000000d5780000)
  from space 512K, 62% used [0x00000000d5880000,0x00000000d58d0000,0x00000000d5900000)
  to   space 512K, 0% used [0x00000000d5800000,0x00000000d5800000,0x00000000d5880000)
 ParOldGen       total 662016K, used 331714K [0x0000000080000000, 0x00000000a8680000, 0x00000000d5580000)
  object space 662016K, 50% used [0x0000000080000000,0x00000000943f08c8,0x00000000a8680000)
 Metaspace       used 88454K, committed 90368K, reserved 1179648K
  class space    used 9089K, committed 9984K, reserved 1048576K
}
Event: 350.920 GC heap after
{Heap after GC invocations=2338 (full 5):
 PSYoungGen      total 2560K, used 288K [0x00000000d5580000, 0x00000000d5900000, 0x0000000100000000)
  eden space 2048K, 0% used [0x00000000d5580000,0x00000000d5580000,0x00000000d5780000)
  from space 512K, 56% used [0x00000000d5800000,0x00000000d5848000,0x00000000d5880000)
  to   space 512K, 0% used [0x00000000d5880000,0x00000000d5880000,0x00000000d5900000)
 ParOldGen       total 662016K, used 331815K [0x0000000080000000, 0x00000000a8680000, 0x00000000d5580000)
  object space 662016K, 50% used [0x0000000080000000,0x0000000094409ff0,0x00000000a8680000)
 Metaspace       used 88454K, committed 90368K, reserved 1179648K
  class space    used 9089K, committed 9984K, reserved 1048576K
}
Event: 350.938 GC heap before
{Heap before GC invocations=2339 (full 5):
 PSYoungGen      total 2560K, used 2336K [0x00000000d5580000, 0x00000000d5900000, 0x0000000100000000)
  eden space 2048K, 100% used [0x00000000d5580000,0x00000000d5780000,0x00000000d5780000)
  from space 512K, 56% used [0x00000000d5800000,0x00000000d5848000,0x00000000d5880000)
  to   space 512K, 0% used [0x00000000d5880000,0x00000000d5880000,0x00000000d5900000)
 ParOldGen       total 662016K, used 331815K [0x0000000080000000, 0x00000000a8680000, 0x00000000d5580000)
  object space 662016K, 50% used [0x0000000080000000,0x0000000094409ff0,0x00000000a8680000)
 Metaspace       used 88658K, committed 90560K, reserved 1179648K
  class space    used 9104K, committed 9984K, reserved 1048576K
}
Event: 350.939 GC heap after
{Heap after GC invocations=2339 (full 5):
 PSYoungGen      total 2560K, used 282K [0x00000000d5580000, 0x00000000d5900000, 0x0000000100000000)
  eden space 2048K, 0% used [0x00000000d5580000,0x00000000d5580000,0x00000000d5780000)
  from space 512K, 55% used [0x00000000d5880000,0x00000000d58c68c8,0x00000000d5900000)
  to   space 512K, 0% used [0x00000000d5800000,0x00000000d5800000,0x00000000d5880000)
 ParOldGen       total 662016K, used 331975K [0x0000000080000000, 0x00000000a8680000, 0x00000000d5580000)
  object space 662016K, 50% used [0x0000000080000000,0x0000000094431ff0,0x00000000a8680000)
 Metaspace       used 88658K, committed 90560K, reserved 1179648K
  class space    used 9104K, committed 9984K, reserved 1048576K
}
Event: 350.971 GC heap before
{Heap before GC invocations=2340 (full 5):
 PSYoungGen      total 2560K, used 2330K [0x00000000d5580000, 0x00000000d5900000, 0x0000000100000000)
  eden space 2048K, 100% used [0x00000000d5580000,0x00000000d5780000,0x00000000d5780000)
  from space 512K, 55% used [0x00000000d5880000,0x00000000d58c68c8,0x00000000d5900000)
  to   space 512K, 0% used [0x00000000d5800000,0x00000000d5800000,0x00000000d5880000)
 ParOldGen       total 662016K, used 331975K [0x0000000080000000, 0x00000000a8680000, 0x00000000d5580000)
  object space 662016K, 50% used [0x0000000080000000,0x0000000094431ff0,0x00000000a8680000)
 Metaspace       used 88907K, committed 90880K, reserved 1179648K
  class space    used 9128K, committed 10048K, reserved 1048576K
}
Event: 350.971 GC heap after
{Heap after GC invocations=2340 (full 5):
 PSYoungGen      total 2560K, used 288K [0x00000000d5580000, 0x00000000d5900000, 0x0000000100000000)
  eden space 2048K, 0% used [0x00000000d5580000,0x00000000d5580000,0x00000000d5780000)
  from space 512K, 56% used [0x00000000d5800000,0x00000000d5848000,0x00000000d5880000)
  to   space 512K, 0% used [0x00000000d5880000,0x00000000d5880000,0x00000000d5900000)
 ParOldGen       total 662016K, used 332158K [0x0000000080000000, 0x00000000a8680000, 0x00000000d5580000)
  object space 662016K, 50% used [0x0000000080000000,0x000000009445fa50,0x00000000a8680000)
 Metaspace       used 88907K, committed 90880K, reserved 1179648K
  class space    used 9128K, committed 10048K, reserved 1048576K
}
Event: 351.015 GC heap before
{Heap before GC invocations=2341 (full 5):
 PSYoungGen      total 2560K, used 2336K [0x00000000d5580000, 0x00000000d5900000, 0x0000000100000000)
  eden space 2048K, 100% used [0x00000000d5580000,0x00000000d5780000,0x00000000d5780000)
  from space 512K, 56% used [0x00000000d5800000,0x00000000d5848000,0x00000000d5880000)
  to   space 512K, 0% used [0x00000000d5880000,0x00000000d5880000,0x00000000d5900000)
 ParOldGen       total 662016K, used 332158K [0x0000000080000000, 0x00000000a8680000, 0x00000000d5580000)
  object space 662016K, 50% used [0x0000000080000000,0x000000009445fa50,0x00000000a8680000)
 Metaspace       used 88947K, committed 90944K, reserved 1179648K
  class space    used 9131K, committed 10048K, reserved 1048576K
}
Event: 351.016 GC heap after
{Heap after GC invocations=2341 (full 5):
 PSYoungGen      total 2560K, used 256K [0x00000000d5580000, 0x00000000d5900000, 0x0000000100000000)
  eden space 2048K, 0% used [0x00000000d5580000,0x00000000d5580000,0x00000000d5780000)
  from space 512K, 50% used [0x00000000d5880000,0x00000000d58c0000,0x00000000d5900000)
  to   space 512K, 0% used [0x00000000d5800000,0x00000000d5800000,0x00000000d5880000)
 ParOldGen       total 662016K, used 332254K [0x0000000080000000, 0x00000000a8680000, 0x00000000d5580000)
  object space 662016K, 50% used [0x0000000080000000,0x0000000094477a60,0x00000000a8680000)
 Metaspace       used 88947K, committed 90944K, reserved 1179648K
  class space    used 9131K, committed 10048K, reserved 1048576K
}
Event: 359.452 GC heap before
{Heap before GC invocations=2342 (full 5):
 PSYoungGen      total 2560K, used 2303K [0x00000000d5580000, 0x00000000d5900000, 0x0000000100000000)
  eden space 2048K, 99% used [0x00000000d5580000,0x00000000d577fff0,0x00000000d5780000)
  from space 512K, 50% used [0x00000000d5880000,0x00000000d58c0000,0x00000000d5900000)
  to   space 512K, 0% used [0x00000000d5800000,0x00000000d5800000,0x00000000d5880000)
 ParOldGen       total 662016K, used 332254K [0x0000000080000000, 0x00000000a8680000, 0x00000000d5580000)
  object space 662016K, 50% used [0x0000000080000000,0x0000000094477a60,0x00000000a8680000)
 Metaspace       used 88973K, committed 90944K, reserved 1179648K
  class space    used 9134K, committed 10048K, reserved 1048576K
}
Event: 359.454 GC heap after
{Heap after GC invocations=2342 (full 5):
 PSYoungGen      total 2560K, used 224K [0x00000000d5580000, 0x00000000d5900000, 0x0000000100000000)
  eden space 2048K, 0% used [0x00000000d5580000,0x00000000d5580000,0x00000000d5780000)
  from space 512K, 43% used [0x00000000d5800000,0x00000000d5838000,0x00000000d5880000)
  to   space 512K, 0% used [0x00000000d5880000,0x00000000d5880000,0x00000000d5900000)
 ParOldGen       total 662016K, used 332310K [0x0000000080000000, 0x00000000a8680000, 0x00000000d5580000)
  object space 662016K, 50% used [0x0000000080000000,0x0000000094485a60,0x00000000a8680000)
 Metaspace       used 88973K, committed 90944K, reserved 1179648K
  class space    used 9134K, committed 10048K, reserved 1048576K
}

