# JRE version: OpenJDK Runtime Environment Temurin-21.0.10+7 (21.0.10+7) (build 21.0.10+7-LTS)
# Java VM: OpenJDK 64-Bit Server VM Temurin-21.0.10+7 (21.0.10+7-LTS, mixed mode, sharing, tiered, compressed oops, compressed class ptrs, parallel gc, windows-amd64)
GC Precious Log:
 CardTable entry size: 512
 CPUs: 8 total, 8 available
 Memory: 7930M
 Large Page Support: Disabled
 NUMA Support: Disabled
 Compressed Oops: Enabled (32-bit)
 Alignments: Space 512K, Generation 512K, Heap 2M
 Heap Min Capacity: 100M
 Heap Initial Capacity: 100M
 Heap Max Capacity: 2G
 Pre-touch: Disabled
 Parallel Workers: 8
Heap:
 PSYoungGen      total 4608K, used 2179K [0x00000000d5580000, 0x00000000d5d80000, 0x0000000100000000)
  eden space 2560K, 23% used [0x00000000d5580000,0x00000000d5617338,0x00000000d5800000)
  from space 2048K, 76% used [0x00000000d5b80000,0x00000000d5d09a10,0x00000000d5d80000)
  to   space 2560K, 0% used [0x00000000d5880000,0x00000000d5880000,0x00000000d5b00000)
 ParOldGen       total 760320K, used 759967K [0x0000000080000000, 0x00000000ae680000, 0x00000000d5580000)
  object space 760320K, 99% used [0x0000000080000000,0x00000000ae627f10,0x00000000ae680000)
 Metaspace       used 72540K, committed 74176K, reserved 1179648K
  class space    used 7803K, committed 8512K, reserved 1048576K
GC Heap History (20 events):
Event: 105.263 GC heap before
{Heap before GC invocations=1348 (full 3):
 PSYoungGen      total 3584K, used 3424K [0x00000000d5580000, 0x00000000d5b80000, 0x0000000100000000)
  eden space 2560K, 100% used [0x00000000d5580000,0x00000000d5800000,0x00000000d5800000)
  from space 1024K, 84% used [0x00000000d5a80000,0x00000000d5b58000,0x00000000d5b80000)
  to   space 1536K, 0% used [0x00000000d5880000,0x00000000d5880000,0x00000000d5a00000)
 ParOldGen       total 749056K, used 748783K [0x0000000080000000, 0x00000000adb80000, 0x00000000d5580000)
  object space 749056K, 99% used [0x0000000080000000,0x00000000adb3bd58,0x00000000adb80000)
 Metaspace       used 72517K, committed 74176K, reserved 1179648K
  class space    used 7798K, committed 8512K, reserved 1048576K
}
Event: 105.266 GC heap after
{Heap after GC invocations=1348 (full 3):
 PSYoungGen      total 3584K, used 1024K [0x00000000d5580000, 0x00000000d5b00000, 0x0000000100000000)
  eden space 2560K, 0% used [0x00000000d5580000,0x00000000d5580000,0x00000000d5800000)
  from space 1024K, 100% used [0x00000000d5880000,0x00000000d5980000,0x00000000d5980000)
  to   space 1536K, 0% used [0x00000000d5980000,0x00000000d5980000,0x00000000d5b00000)
 ParOldGen       total 749568K, used 749450K [0x0000000080000000, 0x00000000adc00000, 0x00000000d5580000)
  object space 749568K, 99% used [0x0000000080000000,0x00000000adbe2b30,0x00000000adc00000)
 Metaspace       used 72517K, committed 74176K, reserved 1179648K
  class space    used 7798K, committed 8512K, reserved 1048576K
}
Event: 105.279 GC heap before
{Heap before GC invocations=1349 (full 3):
 PSYoungGen      total 3584K, used 3584K [0x00000000d5580000, 0x00000000d5b00000, 0x0000000100000000)
  eden space 2560K, 100% used [0x00000000d5580000,0x00000000d5800000,0x00000000d5800000)
  from space 1024K, 100% used [0x00000000d5880000,0x00000000d5980000,0x00000000d5980000)
  to   space 1536K, 0% used [0x00000000d5980000,0x00000000d5980000,0x00000000d5b00000)
 ParOldGen       total 749568K, used 749450K [0x0000000080000000, 0x00000000adc00000, 0x00000000d5580000)
  object space 749568K, 99% used [0x0000000080000000,0x00000000adbe2b30,0x00000000adc00000)
 Metaspace       used 72517K, committed 74176K, reserved 1179648K
  class space    used 7798K, committed 8512K, reserved 1048576K
}
Event: 105.282 GC heap after
{Heap after GC invocations=1349 (full 3):
 PSYoungGen      total 3584K, used 832K [0x00000000d5580000, 0x00000000d5a80000, 0x0000000100000000)
  eden space 2560K, 0% used [0x00000000d5580000,0x00000000d5580000,0x00000000d5800000)
  from space 1024K, 81% used [0x00000000d5980000,0x00000000d5a50000,0x00000000d5a80000)
  to   space 1024K, 0% used [0x00000000d5880000,0x00000000d5880000,0x00000000d5980000)
 ParOldGen       total 750592K, used 750097K [0x0000000080000000, 0x00000000add00000, 0x00000000d5580000)
  object space 750592K, 99% used [0x0000000080000000,0x00000000adc84550,0x00000000add00000)
 Metaspace       used 72517K, committed 74176K, reserved 1179648K
  class space    used 7798K, committed 8512K, reserved 1048576K
}
Event: 105.296 GC heap before
{Heap before GC invocations=1350 (full 3):
 PSYoungGen      total 3584K, used 3392K [0x00000000d5580000, 0x00000000d5a80000, 0x0000000100000000)
  eden space 2560K, 100% used [0x00000000d5580000,0x00000000d5800000,0x00000000d5800000)
  from space 1024K, 81% used [0x00000000d5980000,0x00000000d5a50000,0x00000000d5a80000)
  to   space 1024K, 0% used [0x00000000d5880000,0x00000000d5880000,0x00000000d5980000)
 ParOldGen       total 750592K, used 750097K [0x0000000080000000, 0x00000000add00000, 0x00000000d5580000)
  object space 750592K, 99% used [0x0000000080000000,0x00000000adc84550,0x00000000add00000)
 Metaspace       used 72517K, committed 74176K, reserved 1179648K
  class space    used 7798K, committed 8512K, reserved 1048576K
}
Event: 105.299 GC heap after
{Heap after GC invocations=1350 (full 3):
 PSYoungGen      total 3584K, used 832K [0x00000000d5580000, 0x00000000d5a00000, 0x0000000100000000)
  eden space 2560K, 0% used [0x00000000d5580000,0x00000000d5580000,0x00000000d5800000)
  from space 1024K, 81% used [0x00000000d5880000,0x00000000d5950000,0x00000000d5980000)
  to   space 512K, 0% used [0x00000000d5980000,0x00000000d5980000,0x00000000d5a00000)
 ParOldGen       total 751104K, used 750846K [0x0000000080000000, 0x00000000add80000, 0x00000000d5580000)
  object space 751104K, 99% used [0x0000000080000000,0x00000000add3fa20,0x00000000add80000)
 Metaspace       used 72517K, committed 74176K, reserved 1179648K
  class space    used 7798K, committed 8512K, reserved 1048576K
}
Event: 105.317 GC heap before
{Heap before GC invocations=1351 (full 3):
 PSYoungGen      total 3584K, used 3391K [0x00000000d5580000, 0x00000000d5a00000, 0x0000000100000000)
  eden space 2560K, 99% used [0x00000000d5580000,0x00000000d57fffb0,0x00000000d5800000)
  from space 1024K, 81% used [0x00000000d5880000,0x00000000d5950000,0x00000000d5980000)
  to   space 512K, 0% used [0x00000000d5980000,0x00000000d5980000,0x00000000d5a00000)
 ParOldGen       total 751104K, used 750846K [0x0000000080000000, 0x00000000add80000, 0x00000000d5580000)
  object space 751104K, 99% used [0x0000000080000000,0x00000000add3fa20,0x00000000add80000)
 Metaspace       used 72518K, committed 74176K, reserved 1179648K
  class space    used 7798K, committed 8512K, reserved 1048576K
}
Event: 105.322 GC heap after
{Heap after GC invocations=1351 (full 3):
 PSYoungGen      total 2048K, used 486K [0x00000000d5580000, 0x00000000d5d00000, 0x0000000100000000)
  eden space 1536K, 0% used [0x00000000d5580000,0x00000000d5580000,0x00000000d5700000)
  from space 512K, 94% used [0x00000000d5980000,0x00000000d59f9848,0x00000000d5a00000)
  to   space 2560K, 0% used [0x00000000d5700000,0x00000000d5700000,0x00000000d5980000)
 ParOldGen       total 752640K, used 752541K [0x0000000080000000, 0x00000000adf00000, 0x00000000d5580000)
  object space 752640K, 99% used [0x0000000080000000,0x00000000adee74d8,0x00000000adf00000)
 Metaspace       used 72518K, committed 74176K, reserved 1179648K
  class space    used 7798K, committed 8512K, reserved 1048576K
}
Event: 105.333 GC heap before
{Heap before GC invocations=1352 (full 3):
 PSYoungGen      total 2048K, used 2022K [0x00000000d5580000, 0x00000000d5d00000, 0x0000000100000000)
  eden space 1536K, 99% used [0x00000000d5580000,0x00000000d56fffe0,0x00000000d5700000)
  from space 512K, 94% used [0x00000000d5980000,0x00000000d59f9848,0x00000000d5a00000)
  to   space 2560K, 0% used [0x00000000d5700000,0x00000000d5700000,0x00000000d5980000)
 ParOldGen       total 752640K, used 752541K [0x0000000080000000, 0x00000000adf00000, 0x00000000d5580000)
  object space 752640K, 99% used [0x0000000080000000,0x00000000adee74d8,0x00000000adf00000)
 Metaspace       used 72518K, committed 74176K, reserved 1179648K
  class space    used 7798K, committed 8512K, reserved 1048576K
}
Event: 105.337 GC heap after
{Heap after GC invocations=1352 (full 3):
 PSYoungGen      total 3072K, used 1333K [0x00000000d5580000, 0x00000000d5b00000, 0x0000000100000000)
  eden space 1536K, 0% used [0x00000000d5580000,0x00000000d5580000,0x00000000d5700000)
  from space 1536K, 86% used [0x00000000d5700000,0x00000000d584d7c0,0x00000000d5880000)
  to   space 2048K, 0% used [0x00000000d5900000,0x00000000d5900000,0x00000000d5b00000)
 ParOldGen       total 753152K, used 753034K [0x0000000080000000, 0x00000000adf80000, 0x00000000d5580000)
  object space 753152K, 99% used [0x0000000080000000,0x00000000adf62ba0,0x00000000adf80000)
 Metaspace       used 72518K, committed 74176K, reserved 1179648K
  class space    used 7798K, committed 8512K, reserved 1048576K
}
Event: 105.346 GC heap before
{Heap before GC invocations=1353 (full 3):
 PSYoungGen      total 3072K, used 2869K [0x00000000d5580000, 0x00000000d5b00000, 0x0000000100000000)
  eden space 1536K, 100% used [0x00000000d5580000,0x00000000d5700000,0x00000000d5700000)
  from space 1536K, 86% used [0x00000000d5700000,0x00000000d584d7c0,0x00000000d5880000)
  to   space 2048K, 0% used [0x00000000d5900000,0x00000000d5900000,0x00000000d5b00000)
 ParOldGen       total 753152K, used 753034K [0x0000000080000000, 0x00000000adf80000, 0x00000000d5580000)
  object space 753152K, 99% used [0x0000000080000000,0x00000000adf62ba0,0x00000000adf80000)
 Metaspace       used 72518K, committed 74176K, reserved 1179648K
  class space    used 7798K, committed 8512K, reserved 1048576K
}
Event: 105.350 GC heap after
{Heap after GC invocations=1353 (full 3):
 PSYoungGen      total 3584K, used 1522K [0x00000000d5580000, 0x00000000d5b80000, 0x0000000100000000)
  eden space 1536K, 0% used [0x00000000d5580000,0x00000000d5580000,0x00000000d5700000)
  from space 2048K, 74% used [0x00000000d5900000,0x00000000d5a7c8b8,0x00000000d5b00000)
  to   space 2048K, 0% used [0x00000000d5700000,0x00000000d5700000,0x00000000d5900000)
 ParOldGen       total 754688K, used 754240K [0x0000000080000000, 0x00000000ae100000, 0x00000000d5580000)
  object space 754688K, 99% used [0x0000000080000000,0x00000000ae090360,0x00000000ae100000)
 Metaspace       used 72518K, committed 74176K, reserved 1179648K
  class space    used 7798K, committed 8512K, reserved 1048576K
}
Event: 105.353 GC heap before
{Heap before GC invocations=1354 (full 3):
 PSYoungGen      total 3584K, used 3058K [0x00000000d5580000, 0x00000000d5b80000, 0x0000000100000000)
  eden space 1536K, 99% used [0x00000000d5580000,0x00000000d56fffd8,0x00000000d5700000)
  from space 2048K, 74% used [0x00000000d5900000,0x00000000d5a7c8b8,0x00000000d5b00000)
  to   space 2048K, 0% used [0x00000000d5700000,0x00000000d5700000,0x00000000d5900000)
 ParOldGen       total 754688K, used 754240K [0x0000000080000000, 0x00000000ae100000, 0x00000000d5580000)
  object space 754688K, 99% used [0x0000000080000000,0x00000000ae090360,0x00000000ae100000)
 Metaspace       used 72518K, committed 74176K, reserved 1179648K
  class space    used 7798K, committed 8512K, reserved 1048576K
}
Event: 105.358 GC heap after
{Heap after GC invocations=1354 (full 3):
 PSYoungGen      total 3584K, used 1408K [0x00000000d5580000, 0x00000000d5a80000, 0x0000000100000000)
  eden space 1536K, 0% used [0x00000000d5580000,0x00000000d5580000,0x00000000d5700000)
  from space 2048K, 68% used [0x00000000d5700000,0x00000000d5860000,0x00000000d5900000)
  to   space 1536K, 0% used [0x00000000d5900000,0x00000000d5900000,0x00000000d5a80000)
 ParOldGen       total 755712K, used 755651K [0x0000000080000000, 0x00000000ae200000, 0x00000000d5580000)
  object space 755712K, 99% used [0x0000000080000000,0x00000000ae1f0c38,0x00000000ae200000)
 Metaspace       used 72518K, committed 74176K, reserved 1179648K
  class space    used 7798K, committed 8512K, reserved 1048576K
}
Event: 105.361 GC heap before
{Heap before GC invocations=1355 (full 3):
 PSYoungGen      total 3584K, used 2944K [0x00000000d5580000, 0x00000000d5a80000, 0x0000000100000000)
  eden space 1536K, 100% used [0x00000000d5580000,0x00000000d5700000,0x00000000d5700000)
  from space 2048K, 68% used [0x00000000d5700000,0x00000000d5860000,0x00000000d5900000)
  to   space 1536K, 0% used [0x00000000d5900000,0x00000000d5900000,0x00000000d5a80000)
 ParOldGen       total 755712K, used 755651K [0x0000000080000000, 0x00000000ae200000, 0x00000000d5580000)
  object space 755712K, 99% used [0x0000000080000000,0x00000000ae1f0c38,0x00000000ae200000)
 Metaspace       used 72518K, committed 74176K, reserved 1179648K
  class space    used 7798K, committed 8512K, reserved 1048576K
}
Event: 105.365 GC heap after
{Heap after GC invocations=1355 (full 3):
 PSYoungGen      total 3584K, used 1344K [0x00000000d5580000, 0x00000000d5a80000, 0x0000000100000000)
  eden space 2048K, 0% used [0x00000000d5580000,0x00000000d5580000,0x00000000d5780000)
  from space 1536K, 87% used [0x00000000d5900000,0x00000000d5a50000,0x00000000d5a80000)
  to   space 1536K, 0% used [0x00000000d5780000,0x00000000d5780000,0x00000000d5900000)
 ParOldGen       total 757248K, used 756993K [0x0000000080000000, 0x00000000ae380000, 0x00000000d5580000)
  object space 757248K, 99% used [0x0000000080000000,0x00000000ae340570,0x00000000ae380000)
 Metaspace       used 72518K, committed 74176K, reserved 1179648K
  class space    used 7798K, committed 8512K, reserved 1048576K
}
Event: 105.370 GC heap before
{Heap before GC invocations=1356 (full 3):
 PSYoungGen      total 3584K, used 3392K [0x00000000d5580000, 0x00000000d5a80000, 0x0000000100000000)
  eden space 2048K, 100% used [0x00000000d5580000,0x00000000d5780000,0x00000000d5780000)
  from space 1536K, 87% used [0x00000000d5900000,0x00000000d5a50000,0x00000000d5a80000)
  to   space 1536K, 0% used [0x00000000d5780000,0x00000000d5780000,0x00000000d5900000)
 ParOldGen       total 757248K, used 756993K [0x0000000080000000, 0x00000000ae380000, 0x00000000d5580000)
  object space 757248K, 99% used [0x0000000080000000,0x00000000ae340570,0x00000000ae380000)
 Metaspace       used 72524K, committed 74176K, reserved 1179648K
  class space    used 7800K, committed 8512K, reserved 1048576K
}
Event: 105.373 GC heap after
{Heap after GC invocations=1356 (full 3):
 PSYoungGen      total 3584K, used 1536K [0x00000000d5580000, 0x00000000d5f00000, 0x0000000100000000)
  eden space 2048K, 0% used [0x00000000d5580000,0x00000000d5580000,0x00000000d5780000)
  from space 1536K, 100% used [0x00000000d5780000,0x00000000d5900000,0x00000000d5900000)
  to   space 3584K, 0% used [0x00000000d5b80000,0x00000000d5b80000,0x00000000d5f00000)
 ParOldGen       total 758784K, used 758405K [0x0000000080000000, 0x00000000ae500000, 0x00000000d5580000)
  object space 758784K, 99% used [0x0000000080000000,0x00000000ae4a15f0,0x00000000ae500000)
 Metaspace       used 72524K, committed 74176K, reserved 1179648K
  class space    used 7800K, committed 8512K, reserved 1048576K
}
Event: 105.378 GC heap before
{Heap before GC invocations=1357 (full 3):
 PSYoungGen      total 3584K, used 3584K [0x00000000d5580000, 0x00000000d5f00000, 0x0000000100000000)
  eden space 2048K, 100% used [0x00000000d5580000,0x00000000d5780000,0x00000000d5780000)
  from space 1536K, 100% used [0x00000000d5780000,0x00000000d5900000,0x00000000d5900000)
  to   space 3584K, 0% used [0x00000000d5b80000,0x00000000d5b80000,0x00000000d5f00000)
 ParOldGen       total 758784K, used 758405K [0x0000000080000000, 0x00000000ae500000, 0x00000000d5580000)
  object space 758784K, 99% used [0x0000000080000000,0x00000000ae4a15f0,0x00000000ae500000)
 Metaspace       used 72539K, committed 74176K, reserved 1179648K
  class space    used 7803K, committed 8512K, reserved 1048576K
}
Event: 105.382 GC heap after
{Heap after GC invocations=1357 (full 3):
 PSYoungGen      total 4608K, used 1574K [0x00000000d5580000, 0x00000000d5d80000, 0x0000000100000000)
  eden space 2560K, 0% used [0x00000000d5580000,0x00000000d5580000,0x00000000d5800000)
  from space 2048K, 76% used [0x00000000d5b80000,0x00000000d5d09a10,0x00000000d5d80000)
  to   space 2560K, 0% used [0x00000000d5880000,0x00000000d5880000,0x00000000d5b00000)
 ParOldGen       total 760320K, used 759967K [0x0000000080000000, 0x00000000ae680000, 0x00000000d5580000)
  object space 760320K, 99% used [0x0000000080000000,0x00000000ae627f10,0x00000000ae680000)
 Metaspace       used 72539K, committed 74176K, reserved 1179648K
  class space    used 7803K, committed 8512K, reserved 1048576K
}

